\BOOKMARK [1][]{section*.1}{\376\377\000a\000b\000s\000t\000r\000a\000c\000t}{}% 1
\BOOKMARK [1][]{section*.2}{\376\377\000I\000n\000t\000r\000o\000d\000u\000c\000t\000i\000o\000n}{}% 2
\BOOKMARK [1][]{section*.3}{\376\377\000M\000e\000t\000h\000o\000d\000s}{}% 3
\BOOKMARK [2][]{section*.4}{\376\377\000A\000n\000i\000m\000a\000l\000s}{section*.3}% 4
\BOOKMARK [2][]{section*.5}{\376\377\000E\000l\000e\000c\000t\000r\000o\000p\000h\000y\000s\000i\000o\000l\000o\000g\000y}{section*.3}% 5
\BOOKMARK [2][]{section*.6}{\376\377\000S\000t\000i\000m\000u\000l\000i}{section*.3}% 6
\BOOKMARK [3][]{section*.7}{\376\377\000I\000n\000t\000e\000n\000s\000i\000t\000y\000\040\000a\000n\000d\000\040\000f\000r\000e\000q\000u\000e\000n\000c\000y\000\040\000t\000u\000n\000i\000n\000g}{section*.6}% 7
\BOOKMARK [3][]{section*.8}{\376\377\000T\000e\000m\000p\000o\000r\000a\000l\000\040\000r\000e\000s\000o\000l\000u\000t\000i\000o\000n}{section*.6}% 8
\BOOKMARK [3][]{section*.9}{\376\377\000M\000o\000t\000h\000\040\000a\000n\000d\000\040\000b\000a\000t\000\040\000c\000a\000l\000l\000s}{section*.6}% 9
\BOOKMARK [2][]{section*.10}{\376\377\000A\000n\000a\000l\000y\000s\000i\000s}{section*.3}% 10
\BOOKMARK [3][]{section*.11}{\376\377\000I\000n\000t\000e\000n\000s\000i\000t\000y\000\040\000a\000n\000d\000\040\000f\000r\000e\000q\000u\000e\000n\000c\000y\000\040\000t\000u\000n\000i\000n\000g}{section*.10}% 11
\BOOKMARK [3][]{section*.12}{\376\377\000T\000e\000m\000p\000o\000r\000a\000l\000\040\000R\000e\000s\000o\000l\000u\000t\000i\000o\000n}{section*.10}% 12
\BOOKMARK [3][]{section*.13}{\376\377\000S\000p\000i\000k\000e\000\040\000t\000r\000a\000i\000n\000\040\000d\000i\000s\000t\000a\000n\000c\000e\000s}{section*.10}% 13
\BOOKMARK [3][]{section*.14}{\376\377\000S\000p\000i\000k\000e\000\040\000t\000r\000a\000i\000n\000\040\000c\000l\000a\000s\000s\000i\000f\000i\000c\000a\000t\000i\000o\000n\000.}{section*.10}% 14
\BOOKMARK [3][]{section*.15}{\376\377\000P\000o\000i\000s\000s\000o\000n\000\040\000s\000p\000i\000k\000e\000\040\000t\000r\000a\000i\000n\000s}{section*.10}% 15
\BOOKMARK [2][]{section*.16}{\376\377\000D\000i\000s\000c\000r\000i\000m\000i\000n\000a\000t\000i\000o\000n\000\040\000o\000f\000\040\000m\000o\000t\000h\000\040\000a\000n\000d\000\040\000b\000a\000t\000\040\000c\000a\000l\000l\000s}{section*.3}% 16
\BOOKMARK [1][]{section*.18}{\376\377\000R\000e\000s\000u\000l\000t\000s}{}% 17
\BOOKMARK [2][]{section*.19}{\376\377\000C\000a\000l\000l\000\040\000s\000t\000r\000u\000c\000t\000u\000r\000e\000\040\000o\000f\000\040\000m\000o\000t\000h\000\040\000s\000o\000n\000g\000s}{section*.18}% 18
\BOOKMARK [2][]{section*.21}{\376\377\000I\000n\000t\000e\000n\000s\000i\000t\000y\000\040\000a\000n\000d\000\040\000f\000r\000e\000q\000u\000e\000n\000c\000y\000\040\000t\000u\000n\000i\000n\000g}{section*.18}% 19
\BOOKMARK [2][]{section*.22}{\376\377\000T\000e\000m\000p\000o\000r\000a\000l\000\040\000r\000e\000s\000o\000l\000u\000t\000i\000o\000n}{section*.18}% 20
\BOOKMARK [2][]{section*.24}{\376\377\000C\000l\000a\000s\000s\000i\000f\000i\000c\000a\000t\000i\000o\000n\000\040\000o\000f\000\040\000m\000o\000t\000h\000\040\000c\000a\000l\000l\000\040\000s\000e\000r\000i\000e\000s}{section*.18}% 21
\BOOKMARK [2][]{section*.25}{\376\377\000D\000i\000s\000c\000r\000i\000m\000i\000n\000a\000t\000i\000o\000n\000\040\000b\000e\000t\000w\000e\000e\000n\000\040\000m\000o\000t\000h\000\040\000a\000n\000d\000\040\000b\000a\000t\000\040\000c\000a\000l\000l\000\040\000s\000e\000r\000i\000e\000s}{section*.18}% 22
\BOOKMARK [1][]{section*.27}{\376\377\000D\000i\000s\000c\000u\000s\000s\000i\000o\000n}{}% 23
